Determining if the pthread_create exist failed with the following output:
Change Dir: /home/workspace/ROS-Udacity/L4/Project4/catkin_ws/build/CMakeFiles/CMakeTmp

Run Build Command:"/usr/bin/make" "cmTC_5b1aa/fast"
/usr/bin/make -f CMakeFiles/cmTC_5b1aa.dir/build.make CMakeFiles/cmTC_5b1aa.dir/build
make[1]: Entering directory '/home/workspace/ROS-Udacity/L4/Project4/catkin_ws/build/CMakeFiles/CMakeTmp'
Building C object CMakeFiles/cmTC_5b1aa.dir/CheckSymbolExists.c.o
/usr/bin/cc     -o CMakeFiles/cmTC_5b1aa.dir/CheckSymbolExists.c.o   -c /home/workspace/ROS-Udacity/L4/Project4/catkin_ws/build/CMakeFiles/CMakeTmp/CheckSymbolExists.c
Linking C executable cmTC_5b1aa
/usr/bin/cmake -E cmake_link_script CMakeFiles/cmTC_5b1aa.dir/link.txt --verbose=1
/usr/bin/cc       CMakeFiles/cmTC_5b1aa.dir/CheckSymbolExists.c.o  -o cmTC_5b1aa -rdynamic 
CMakeFiles/cmTC_5b1aa.dir/CheckSymbolExists.c.o: In function `main':
CheckSymbolExists.c:(.text+0x16): undefined reference to `pthread_create'
collect2: error: ld returned 1 exit status
CMakeFiles/cmTC_5b1aa.dir/build.make:97: recipe for target 'cmTC_5b1aa' failed
make[1]: *** [cmTC_5b1aa] Error 1
make[1]: Leaving directory '/home/workspace/ROS-Udacity/L4/Project4/catkin_ws/build/CMakeFiles/CMakeTmp'
Makefile:126: recipe for target 'cmTC_5b1aa/fast' failed
make: *** [cmTC_5b1aa/fast] Error 2

File /home/workspace/ROS-Udacity/L4/Project4/catkin_ws/build/CMakeFiles/CMakeTmp/CheckSymbolExists.c:
/* */
#include <pthread.h>

int main(int argc, char** argv)
{
  (void)argv;
#ifndef pthread_create
  return ((int*)(&pthread_create))[argc];
#else
  (void)argc;
  return 0;
#endif
}

Determining if the function pthread_create exists in the pthreads failed with the following output:
Change Dir: /home/workspace/ROS-Udacity/L4/Project4/catkin_ws/build/CMakeFiles/CMakeTmp

Run Build Command:"/usr/bin/make" "cmTC_ba5ca/fast"
/usr/bin/make -f CMakeFiles/cmTC_ba5ca.dir/build.make CMakeFiles/cmTC_ba5ca.dir/build
make[1]: Entering directory '/home/workspace/ROS-Udacity/L4/Project4/catkin_ws/build/CMakeFiles/CMakeTmp'
Building C object CMakeFiles/cmTC_ba5ca.dir/CheckFunctionExists.c.o
/usr/bin/cc    -DCHECK_FUNCTION_EXISTS=pthread_create   -o CMakeFiles/cmTC_ba5ca.dir/CheckFunctionExists.c.o   -c /usr/share/cmake-3.5/Modules/CheckFunctionExists.c
Linking C executable cmTC_ba5ca
/usr/bin/cmake -E cmake_link_script CMakeFiles/cmTC_ba5ca.dir/link.txt --verbose=1
/usr/bin/cc   -DCHECK_FUNCTION_EXISTS=pthread_create    CMakeFiles/cmTC_ba5ca.dir/CheckFunctionExists.c.o  -o cmTC_ba5ca -rdynamic -lpthreads 
/usr/bin/ld: cannot find -lpthreads
collect2: error: ld returned 1 exit status
CMakeFiles/cmTC_ba5ca.dir/build.make:97: recipe for target 'cmTC_ba5ca' failed
make[1]: *** [cmTC_ba5ca] Error 1
make[1]: Leaving directory '/home/workspace/ROS-Udacity/L4/Project4/catkin_ws/build/CMakeFiles/CMakeTmp'
Makefile:126: recipe for target 'cmTC_ba5ca/fast' failed
make: *** [cmTC_ba5ca/fast] Error 2


